2018-08-11 16:38:44 [scrapy] DEBUG: Crawled (404) <GET http://www.fundamentus.com.br/robots.txt> (referer: None)
2018-08-11 16:38:44 [scrapy] DEBUG: Crawled (200) <GET http://www.fundamentus.com.br/detalhes.php?papel=TAEE11> (referer: None)
2018-08-11 16:38:44 [scrapy] ERROR: Spider error processing <GET http://www.fundamentus.com.br/detalhes.php?papel=TAEE11> (referer: None)
Traceback (most recent call last):
  File "/usr/local/lib/python3.7/site-packages/scrapy/utils/defer.py", line 102, in iter_errback
    yield next(it)
  File "/usr/local/lib/python3.7/site-packages/scrapy/spidermiddlewares/offsite.py", line 30, in process_spider_output
    for x in result:
  File "/usr/local/lib/python3.7/site-packages/scrapy/spidermiddlewares/referer.py", line 339, in <genexpr>
    return (_set_referer(r) for r in result or ())
  File "/usr/local/lib/python3.7/site-packages/scrapy/spidermiddlewares/urllength.py", line 37, in <genexpr>
    return (r for r in result or () if _filter(r))
  File "/usr/local/lib/python3.7/site-packages/scrapy/spidermiddlewares/depth.py", line 58, in <genexpr>
    return (r for r in result or () if _filter(r))
  File "/Users/filipetrm/Repositories/fundamentus-scrapyrt/fundamentus_scraper/spiders/fundamentus_scrapper.py", line 15, in parse
    a: "opa"
NameError: name 'a' is not defined
2018-08-11 16:38:44 [scrapy] INFO: Closing spider (finished)
2018-08-11 16:38:44 [scrapy] INFO: Dumping Scrapy stats:
{'downloader/request_bytes': 477,
 'downloader/request_count': 2,
 'downloader/request_method_count/GET': 2,
 'downloader/response_bytes': 7761,
 'downloader/response_count': 2,
 'downloader/response_status_count/200': 1,
 'downloader/response_status_count/404': 1,
 'finish_reason': 'finished',
 'finish_time': datetime.datetime(2018, 8, 11, 19, 38, 44, 588065),
 'log_count/DEBUG': 2,
 'log_count/ERROR': 1,
 'log_count/INFO': 6,
 'memusage/max': 51339264,
 'memusage/startup': 51339264,
 'response_received_count': 2,
 'scheduler/dequeued': 1,
 'scheduler/dequeued/memory': 1,
 'scheduler/enqueued': 1,
 'scheduler/enqueued/memory': 1,
 'spider_exceptions/NameError': 1,
 'start_time': datetime.datetime(2018, 8, 11, 19, 38, 42, 716546)}
2018-08-11 16:38:44 [scrapy] INFO: Spider closed (finished)
