2018-08-11 16:39:31 [scrapy] DEBUG: Crawled (404) <GET http://www.fundamentus.com.br/robots.txt> (referer: None)
2018-08-11 16:39:31 [scrapy] DEBUG: Crawled (200) <GET http://www.fundamentus.com.br/detalhes.php?papel=TAEE11> (referer: None)
2018-08-11 16:39:31 [scrapy] DEBUG: Scraped from <200 http://www.fundamentus.com.br/detalhes.php?papel=TAEE11>
{'a': 'opa'}
2018-08-11 16:39:31 [scrapy] INFO: Closing spider (finished)
2018-08-11 16:39:31 [scrapy] INFO: Dumping Scrapy stats:
{'downloader/request_bytes': 477,
 'downloader/request_count': 2,
 'downloader/request_method_count/GET': 2,
 'downloader/response_bytes': 7887,
 'downloader/response_count': 2,
 'downloader/response_status_count/200': 1,
 'downloader/response_status_count/404': 1,
 'finish_reason': 'finished',
 'finish_time': datetime.datetime(2018, 8, 11, 19, 39, 31, 859349),
 'item_scraped_count': 1,
 'log_count/DEBUG': 3,
 'log_count/INFO': 6,
 'memusage/max': 51589120,
 'memusage/startup': 51589120,
 'response_received_count': 2,
 'scheduler/dequeued': 1,
 'scheduler/dequeued/memory': 1,
 'scheduler/enqueued': 1,
 'scheduler/enqueued/memory': 1,
 'start_time': datetime.datetime(2018, 8, 11, 19, 39, 30, 420831)}
2018-08-11 16:39:31 [scrapy] INFO: Spider closed (finished)
